    WARNING: | (U+007c) is already defined more than once on the keyboard (on VK_5, ShiftState 'Ctl+Alt' and VK_4, ShiftState 'Ctl+Alt').
    WARNING: The character ą (U+0105) exists in the entry for VK_A, ShiftState 'Shift+Ctl+Alt' of the layout table and is not in the default system code page (1252) of the German (Germany) language you specified. This may cause compatibility problems in non-Unicode applications.
    WARNING: The character ę (U+0119) exists in the entry for VK_D, ShiftState 'Shift+Ctl+Alt' of the layout table and is not in the default system code page (1252) of the German (Germany) language you specified. This may cause compatibility problems in non-Unicode applications.
    WARNING: The character ˙ (U+02d9) exists in the entry for VK_E, ShiftState 'Ctl+Alt' of the layout table and is not in the default system code page (1252) of the German (Germany) language you specified. This may cause compatibility problems in non-Unicode applications.
    WARNING: The character Ć (U+0106) exists in the entry for VK_I, ShiftState 'Shift+Ctl+Alt' of the layout table and is not in the default system code page (1252) of the German (Germany) language you specified. This may cause compatibility problems in non-Unicode applications.
    WARNING: The character ń (U+0144) exists in the entry for VK_L, ShiftState 'Ctl+Alt' of the layout table and is not in the default system code page (1252) of the German (Germany) language you specified. This may cause compatibility problems in non-Unicode applications.
    WARNING: The character Ń (U+0143) exists in the entry for VK_L, ShiftState 'Shift+Ctl+Alt' of the layout table and is not in the default system code page (1252) of the German (Germany) language you specified. This may cause compatibility problems in non-Unicode applications.
    WARNING: The character μ (U+03bc) exists in the entry for VK_M, ShiftState 'Ctl+Alt' of the layout table and is not in the default system code page (1252) of the German (Germany) language you specified. This may cause compatibility problems in non-Unicode applications.
    WARNING: The character ż (U+017c) exists in the entry for VK_P, ShiftState 'Ctl+Alt' of the layout table and is not in the default system code page (1252) of the German (Germany) language you specified. This may cause compatibility problems in non-Unicode applications.
    WARNING: The character Ż (U+017b) exists in the entry for VK_P, ShiftState 'Shift+Ctl+Alt' of the layout table and is not in the default system code page (1252) of the German (Germany) language you specified. This may cause compatibility problems in non-Unicode applications.
    WARNING: @ (U+0040) is already defined more than once on the keyboard (on VK_Q, ShiftState 'Ctl+Alt' and VK_A, ShiftState 'Ctl+Alt').
    WARNING: ¨ (U+00a8) is already defined more than once on the keyboard (on VK_W, ShiftState 'Ctl+Alt' and VK_Q, ShiftState 'Shift+Ctl+Alt').
    WARNING: The character ˇ (U+02c7) exists in the entry for VK_W, ShiftState 'Shift+Ctl+Alt' of the layout table and is not in the default system code page (1252) of the German (Germany) language you specified. This may cause compatibility problems in non-Unicode applications.
    WARNING: @ (U+0040) is already defined more than once on the keyboard (on VK_X, ShiftState 'Ctl+Alt' and VK_A, ShiftState 'Ctl+Alt').
    WARNING: The character ˛ (U+02db) exists in the entry for VK_Y, ShiftState 'Ctl+Alt' of the layout table and is not in the default system code page (1252) of the German (Germany) language you specified. This may cause compatibility problems in non-Unicode applications.
    WARNING: The character ˝ (U+02dd) exists in the entry for VK_Y, ShiftState 'Shift+Ctl+Alt' of the layout table and is not in the default system code page (1252) of the German (Germany) language you specified. This may cause compatibility problems in non-Unicode applications.
    WARNING: / (U+002f) is already defined more than once on the keyboard (on VK_OEM_PLUS, ShiftState 'Base' and VK_7, ShiftState 'Shift').
    WARNING: The character ‐ (U+2010) exists in the entry for VK_OEM_2, ShiftState 'Ctl+Alt' of the layout table and is not in the default system code page (1252) of the German (Germany) language you specified. This may cause compatibility problems in non-Unicode applications.
    WARNING: ¨ (U+00a8) is already defined more than once on the keyboard (on VK_OEM_2, ShiftState 'Shift+Ctl+Alt' and VK_Q, ShiftState 'Shift+Ctl+Alt').
    WARNING: The character ś (U+015b) exists in the entry for VK_OEM_3, ShiftState 'Ctl+Alt' of the layout table and is not in the default system code page (1252) of the German (Germany) language you specified. This may cause compatibility problems in non-Unicode applications.
    WARNING: The character Ś (U+015a) exists in the entry for VK_OEM_3, ShiftState 'Shift+Ctl+Alt' of the layout table and is not in the default system code page (1252) of the German (Germany) language you specified. This may cause compatibility problems in non-Unicode applications.
    WARNING: ^ (U+005e) is already defined more than once on the keyboard (on VK_OEM_5, ShiftState 'Base' and VK_6, ShiftState 'Shift+Ctl+Alt').
    WARNING: ~ (U+007e) is already defined more than once on the keyboard (on VK_OEM_5, ShiftState 'Shift+Ctl+Alt' and VK_OEM_4, ShiftState 'Ctl+Alt').
    WARNING: ` (U+0060) is already defined more than once on the keyboard (on VK_OEM_6, ShiftState 'Ctl+Alt' and VK_OEM_5, ShiftState 'Ctl+Alt').
    WARNING: The character ł (U+0142) exists in the entry for VK_OEM_7, ShiftState 'Ctl+Alt' of the layout table and is not in the default system code page (1252) of the German (Germany) language you specified. This may cause compatibility problems in non-Unicode applications.
    WARNING: The character Ł (U+0141) exists in the entry for VK_OEM_7, ShiftState 'Shift+Ctl+Alt' of the layout table and is not in the default system code page (1252) of the German (Germany) language you specified. This may cause compatibility problems in non-Unicode applications.
    WARNING: 'ä' defined on OEM_102 (Base) but not defined elsewhere. This key may not be present on all keyboards.
    WARNING: 'Ä' defined on OEM_102 (Shift) but not defined elsewhere. This key may not be present on all keyboards.
    WARNING: The dead key ˙ (U+02d9) when combined with C (U+0043) returns Ċ (U+010a), but Ċ (U+010a) is not on the default system code page (1252) of the German (Germany) language you specified. This may cause compatibility problems in non-Unicode applications.
    WARNING: The dead key ˙ (U+02d9) when combined with c (U+0063) returns ċ (U+010b), but ċ (U+010b) is not on the default system code page (1252) of the German (Germany) language you specified. This may cause compatibility problems in non-Unicode applications.
    WARNING: The dead key ˙ (U+02d9) when combined with E (U+0045) returns Ė (U+0116), but Ė (U+0116) is not on the default system code page (1252) of the German (Germany) language you specified. This may cause compatibility problems in non-Unicode applications.
    WARNING: The dead key ˙ (U+02d9) when combined with e (U+0065) returns ė (U+0117), but ė (U+0117) is not on the default system code page (1252) of the German (Germany) language you specified. This may cause compatibility problems in non-Unicode applications.
    WARNING: The dead key ˙ (U+02d9) when combined with G (U+0047) returns Ġ (U+0120), but Ġ (U+0120) is not on the default system code page (1252) of the German (Germany) language you specified. This may cause compatibility problems in non-Unicode applications.
    WARNING: The dead key ˙ (U+02d9) when combined with g (U+0067) returns ġ (U+0121), but ġ (U+0121) is not on the default system code page (1252) of the German (Germany) language you specified. This may cause compatibility problems in non-Unicode applications.
    WARNING: The dead key ˙ (U+02d9) when combined with I (U+0049) returns İ (U+0130), but İ (U+0130) is not on the default system code page (1252) of the German (Germany) language you specified. This may cause compatibility problems in non-Unicode applications.
    WARNING: The dead key ˙ (U+02d9) when combined with Z (U+005a) returns Ż (U+017b), but Ż (U+017b) is not on the default system code page (1252) of the German (Germany) language you specified. This may cause compatibility problems in non-Unicode applications.
    WARNING: The dead key ˙ (U+02d9) when combined with z (U+007a) returns ż (U+017c), but ż (U+017c) is not on the default system code page (1252) of the German (Germany) language you specified. This may cause compatibility problems in non-Unicode applications.
    WARNING: The dead key ˙ (U+02d9) when combined with A (U+0041) returns Ȧ (U+0226), but Ȧ (U+0226) is not on the default system code page (1252) of the German (Germany) language you specified. This may cause compatibility problems in non-Unicode applications.
    WARNING: The dead key ˙ (U+02d9) when combined with a (U+0061) returns ȧ (U+0227), but ȧ (U+0227) is not on the default system code page (1252) of the German (Germany) language you specified. This may cause compatibility problems in non-Unicode applications.
    WARNING: The dead key ˙ (U+02d9) when combined with O (U+004f) returns Ȯ (U+022e), but Ȯ (U+022e) is not on the default system code page (1252) of the German (Germany) language you specified. This may cause compatibility problems in non-Unicode applications.
    WARNING: The dead key ˙ (U+02d9) when combined with o (U+006f) returns ȯ (U+022f), but ȯ (U+022f) is not on the default system code page (1252) of the German (Germany) language you specified. This may cause compatibility problems in non-Unicode applications.
    WARNING: The dead key ˙ (U+02d9) when combined with B (U+0042) returns Ḃ (U+1e02), but Ḃ (U+1e02) is not on the default system code page (1252) of the German (Germany) language you specified. This may cause compatibility problems in non-Unicode applications.
    WARNING: The dead key ˙ (U+02d9) when combined with b (U+0062) returns ḃ (U+1e03), but ḃ (U+1e03) is not on the default system code page (1252) of the German (Germany) language you specified. This may cause compatibility problems in non-Unicode applications.
    WARNING: The dead key ˙ (U+02d9) when combined with D (U+0044) returns Ḋ (U+1e0a), but Ḋ (U+1e0a) is not on the default system code page (1252) of the German (Germany) language you specified. This may cause compatibility problems in non-Unicode applications.
    WARNING: The dead key ˙ (U+02d9) when combined with d (U+0064) returns ḋ (U+1e0b), but ḋ (U+1e0b) is not on the default system code page (1252) of the German (Germany) language you specified. This may cause compatibility problems in non-Unicode applications.
    WARNING: The dead key ˙ (U+02d9) when combined with F (U+0046) returns Ḟ (U+1e1e), but Ḟ (U+1e1e) is not on the default system code page (1252) of the German (Germany) language you specified. This may cause compatibility problems in non-Unicode applications.
    WARNING: The dead key ˙ (U+02d9) when combined with f (U+0066) returns ḟ (U+1e1f), but ḟ (U+1e1f) is not on the default system code page (1252) of the German (Germany) language you specified. This may cause compatibility problems in non-Unicode applications.
    WARNING: The dead key ˙ (U+02d9) when combined with H (U+0048) returns Ḣ (U+1e22), but Ḣ (U+1e22) is not on the default system code page (1252) of the German (Germany) language you specified. This may cause compatibility problems in non-Unicode applications.
    WARNING: The dead key ˙ (U+02d9) when combined with h (U+0068) returns ḣ (U+1e23), but ḣ (U+1e23) is not on the default system code page (1252) of the German (Germany) language you specified. This may cause compatibility problems in non-Unicode applications.
    WARNING: The dead key ˙ (U+02d9) when combined with M (U+004d) returns Ṁ (U+1e40), but Ṁ (U+1e40) is not on the default system code page (1252) of the German (Germany) language you specified. This may cause compatibility problems in non-Unicode applications.
    WARNING: The dead key ˙ (U+02d9) when combined with m (U+006d) returns ṁ (U+1e41), but ṁ (U+1e41) is not on the default system code page (1252) of the German (Germany) language you specified. This may cause compatibility problems in non-Unicode applications.
    WARNING: The dead key ˙ (U+02d9) when combined with N (U+004e) returns Ṅ (U+1e44), but Ṅ (U+1e44) is not on the default system code page (1252) of the German (Germany) language you specified. This may cause compatibility problems in non-Unicode applications.
    WARNING: The dead key ˙ (U+02d9) when combined with n (U+006e) returns ṅ (U+1e45), but ṅ (U+1e45) is not on the default system code page (1252) of the German (Germany) language you specified. This may cause compatibility problems in non-Unicode applications.
    WARNING: The dead key ˙ (U+02d9) when combined with P (U+0050) returns Ṗ (U+1e56), but Ṗ (U+1e56) is not on the default system code page (1252) of the German (Germany) language you specified. This may cause compatibility problems in non-Unicode applications.
    WARNING: The dead key ˙ (U+02d9) when combined with p (U+0070) returns ṗ (U+1e57), but ṗ (U+1e57) is not on the default system code page (1252) of the German (Germany) language you specified. This may cause compatibility problems in non-Unicode applications.
    WARNING: The dead key ˙ (U+02d9) when combined with R (U+0052) returns Ṙ (U+1e58), but Ṙ (U+1e58) is not on the default system code page (1252) of the German (Germany) language you specified. This may cause compatibility problems in non-Unicode applications.
    WARNING: The dead key ˙ (U+02d9) when combined with r (U+0072) returns ṙ (U+1e59), but ṙ (U+1e59) is not on the default system code page (1252) of the German (Germany) language you specified. This may cause compatibility problems in non-Unicode applications.
    WARNING: The dead key ˙ (U+02d9) when combined with S (U+0053) returns Ṡ (U+1e60), but Ṡ (U+1e60) is not on the default system code page (1252) of the German (Germany) language you specified. This may cause compatibility problems in non-Unicode applications.
    WARNING: The dead key ˙ (U+02d9) when combined with s (U+0073) returns ṡ (U+1e61), but ṡ (U+1e61) is not on the default system code page (1252) of the German (Germany) language you specified. This may cause compatibility problems in non-Unicode applications.
    WARNING: The dead key ˙ (U+02d9) when combined with T (U+0054) returns Ṫ (U+1e6a), but Ṫ (U+1e6a) is not on the default system code page (1252) of the German (Germany) language you specified. This may cause compatibility problems in non-Unicode applications.
    WARNING: The dead key ˙ (U+02d9) when combined with t (U+0074) returns ṫ (U+1e6b), but ṫ (U+1e6b) is not on the default system code page (1252) of the German (Germany) language you specified. This may cause compatibility problems in non-Unicode applications.
    WARNING: The dead key ˙ (U+02d9) when combined with W (U+0057) returns Ẇ (U+1e86), but Ẇ (U+1e86) is not on the default system code page (1252) of the German (Germany) language you specified. This may cause compatibility problems in non-Unicode applications.
    WARNING: The dead key ˙ (U+02d9) when combined with w (U+0077) returns ẇ (U+1e87), but ẇ (U+1e87) is not on the default system code page (1252) of the German (Germany) language you specified. This may cause compatibility problems in non-Unicode applications.
    WARNING: The dead key ˙ (U+02d9) when combined with X (U+0058) returns Ẋ (U+1e8a), but Ẋ (U+1e8a) is not on the default system code page (1252) of the German (Germany) language you specified. This may cause compatibility problems in non-Unicode applications.
    WARNING: The dead key ˙ (U+02d9) when combined with x (U+0078) returns ẋ (U+1e8b), but ẋ (U+1e8b) is not on the default system code page (1252) of the German (Germany) language you specified. This may cause compatibility problems in non-Unicode applications.
    WARNING: The dead key ˙ (U+02d9) when combined with Y (U+0059) returns Ẏ (U+1e8e), but Ẏ (U+1e8e) is not on the default system code page (1252) of the German (Germany) language you specified. This may cause compatibility problems in non-Unicode applications.
    WARNING: The dead key ˙ (U+02d9) when combined with y (U+0079) returns ẏ (U+1e8f), but ẏ (U+1e8f) is not on the default system code page (1252) of the German (Germany) language you specified. This may cause compatibility problems in non-Unicode applications.
    WARNING: The dead key ˙ (U+02d9) when combined with ˙ (U+02d9) returns ˙ (U+02d9), but ˙ (U+02d9) is not on the default system code page (1252) of the German (Germany) language you specified. This may cause compatibility problems in non-Unicode applications.
    WARNING: The dead key ˙ (U+02d9) when combined with   (U+0020) returns ˙ (U+02d9), but ˙ (U+02d9) is not on the default system code page (1252) of the German (Germany) language you specified. This may cause compatibility problems in non-Unicode applications.
    WARNING: The dead key ¨ (U+00a8) when combined with H (U+0048) returns Ḧ (U+1e26), but Ḧ (U+1e26) is not on the default system code page (1252) of the German (Germany) language you specified. This may cause compatibility problems in non-Unicode applications.
    WARNING: The dead key ¨ (U+00a8) when combined with h (U+0068) returns ḧ (U+1e27), but ḧ (U+1e27) is not on the default system code page (1252) of the German (Germany) language you specified. This may cause compatibility problems in non-Unicode applications.
    WARNING: The dead key ¨ (U+00a8) when combined with W (U+0057) returns Ẅ (U+1e84), but Ẅ (U+1e84) is not on the default system code page (1252) of the German (Germany) language you specified. This may cause compatibility problems in non-Unicode applications.
    WARNING: The dead key ¨ (U+00a8) when combined with w (U+0077) returns ẅ (U+1e85), but ẅ (U+1e85) is not on the default system code page (1252) of the German (Germany) language you specified. This may cause compatibility problems in non-Unicode applications.
    WARNING: The dead key ¨ (U+00a8) when combined with X (U+0058) returns Ẍ (U+1e8c), but Ẍ (U+1e8c) is not on the default system code page (1252) of the German (Germany) language you specified. This may cause compatibility problems in non-Unicode applications.
    WARNING: The dead key ¨ (U+00a8) when combined with x (U+0078) returns ẍ (U+1e8d), but ẍ (U+1e8d) is not on the default system code page (1252) of the German (Germany) language you specified. This may cause compatibility problems in non-Unicode applications.
    WARNING: The dead key ¨ (U+00a8) when combined with t (U+0074) returns ẗ (U+1e97), but ẗ (U+1e97) is not on the default system code page (1252) of the German (Germany) language you specified. This may cause compatibility problems in non-Unicode applications.
    WARNING: The dead key ¨ (U+00a8) when combined with H (U+0048) returns Ḧ (U+1e26), but Ḧ (U+1e26) is not on the default system code page (1252) of the German (Germany) language you specified. This may cause compatibility problems in non-Unicode applications.
    WARNING: The dead key ¨ (U+00a8) when combined with h (U+0068) returns ḧ (U+1e27), but ḧ (U+1e27) is not on the default system code page (1252) of the German (Germany) language you specified. This may cause compatibility problems in non-Unicode applications.
    WARNING: The dead key ¨ (U+00a8) when combined with W (U+0057) returns Ẅ (U+1e84), but Ẅ (U+1e84) is not on the default system code page (1252) of the German (Germany) language you specified. This may cause compatibility problems in non-Unicode applications.
    WARNING: The dead key ¨ (U+00a8) when combined with w (U+0077) returns ẅ (U+1e85), but ẅ (U+1e85) is not on the default system code page (1252) of the German (Germany) language you specified. This may cause compatibility problems in non-Unicode applications.
    WARNING: The dead key ¨ (U+00a8) when combined with X (U+0058) returns Ẍ (U+1e8c), but Ẍ (U+1e8c) is not on the default system code page (1252) of the German (Germany) language you specified. This may cause compatibility problems in non-Unicode applications.
    WARNING: The dead key ¨ (U+00a8) when combined with x (U+0078) returns ẍ (U+1e8d), but ẍ (U+1e8d) is not on the default system code page (1252) of the German (Germany) language you specified. This may cause compatibility problems in non-Unicode applications.
    WARNING: The dead key ¨ (U+00a8) when combined with t (U+0074) returns ẗ (U+1e97), but ẗ (U+1e97) is not on the default system code page (1252) of the German (Germany) language you specified. This may cause compatibility problems in non-Unicode applications.
    WARNING: The dead key ˇ (U+02c7) when combined with C (U+0043) returns Č (U+010c), but Č (U+010c) is not on the default system code page (1252) of the German (Germany) language you specified. This may cause compatibility problems in non-Unicode applications.
    WARNING: The dead key ˇ (U+02c7) when combined with c (U+0063) returns č (U+010d), but č (U+010d) is not on the default system code page (1252) of the German (Germany) language you specified. This may cause compatibility problems in non-Unicode applications.
    WARNING: The dead key ˇ (U+02c7) when combined with D (U+0044) returns Ď (U+010e), but Ď (U+010e) is not on the default system code page (1252) of the German (Germany) language you specified. This may cause compatibility problems in non-Unicode applications.
    WARNING: The dead key ˇ (U+02c7) when combined with d (U+0064) returns ď (U+010f), but ď (U+010f) is not on the default system code page (1252) of the German (Germany) language you specified. This may cause compatibility problems in non-Unicode applications.
    WARNING: The dead key ˇ (U+02c7) when combined with E (U+0045) returns Ě (U+011a), but Ě (U+011a) is not on the default system code page (1252) of the German (Germany) language you specified. This may cause compatibility problems in non-Unicode applications.
    WARNING: The dead key ˇ (U+02c7) when combined with e (U+0065) returns ě (U+011b), but ě (U+011b) is not on the default system code page (1252) of the German (Germany) language you specified. This may cause compatibility problems in non-Unicode applications.
    WARNING: The dead key ˇ (U+02c7) when combined with L (U+004c) returns Ľ (U+013d), but Ľ (U+013d) is not on the default system code page (1252) of the German (Germany) language you specified. This may cause compatibility problems in non-Unicode applications.
    WARNING: The dead key ˇ (U+02c7) when combined with l (U+006c) returns ľ (U+013e), but ľ (U+013e) is not on the default system code page (1252) of the German (Germany) language you specified. This may cause compatibility problems in non-Unicode applications.
    WARNING: The dead key ˇ (U+02c7) when combined with N (U+004e) returns Ň (U+0147), but Ň (U+0147) is not on the default system code page (1252) of the German (Germany) language you specified. This may cause compatibility problems in non-Unicode applications.
    WARNING: The dead key ˇ (U+02c7) when combined with n (U+006e) returns ň (U+0148), but ň (U+0148) is not on the default system code page (1252) of the German (Germany) language you specified. This may cause compatibility problems in non-Unicode applications.
    WARNING: The dead key ˇ (U+02c7) when combined with R (U+0052) returns Ř (U+0158), but Ř (U+0158) is not on the default system code page (1252) of the German (Germany) language you specified. This may cause compatibility problems in non-Unicode applications.
    WARNING: The dead key ˇ (U+02c7) when combined with r (U+0072) returns ř (U+0159), but ř (U+0159) is not on the default system code page (1252) of the German (Germany) language you specified. This may cause compatibility problems in non-Unicode applications.
    WARNING: The dead key ˇ (U+02c7) when combined with T (U+0054) returns Ť (U+0164), but Ť (U+0164) is not on the default system code page (1252) of the German (Germany) language you specified. This may cause compatibility problems in non-Unicode applications.
    WARNING: The dead key ˇ (U+02c7) when combined with t (U+0074) returns ť (U+0165), but ť (U+0165) is not on the default system code page (1252) of the German (Germany) language you specified. This may cause compatibility problems in non-Unicode applications.
    WARNING: The dead key ˇ (U+02c7) when combined with A (U+0041) returns Ǎ (U+01cd), but Ǎ (U+01cd) is not on the default system code page (1252) of the German (Germany) language you specified. This may cause compatibility problems in non-Unicode applications.
    WARNING: The dead key ˇ (U+02c7) when combined with a (U+0061) returns ǎ (U+01ce), but ǎ (U+01ce) is not on the default system code page (1252) of the German (Germany) language you specified. This may cause compatibility problems in non-Unicode applications.
    WARNING: The dead key ˇ (U+02c7) when combined with I (U+0049) returns Ǐ (U+01cf), but Ǐ (U+01cf) is not on the default system code page (1252) of the German (Germany) language you specified. This may cause compatibility problems in non-Unicode applications.
    WARNING: The dead key ˇ (U+02c7) when combined with i (U+0069) returns ǐ (U+01d0), but ǐ (U+01d0) is not on the default system code page (1252) of the German (Germany) language you specified. This may cause compatibility problems in non-Unicode applications.
    WARNING: The dead key ˇ (U+02c7) when combined with O (U+004f) returns Ǒ (U+01d1), but Ǒ (U+01d1) is not on the default system code page (1252) of the German (Germany) language you specified. This may cause compatibility problems in non-Unicode applications.
    WARNING: The dead key ˇ (U+02c7) when combined with o (U+006f) returns ǒ (U+01d2), but ǒ (U+01d2) is not on the default system code page (1252) of the German (Germany) language you specified. This may cause compatibility problems in non-Unicode applications.
    WARNING: The dead key ˇ (U+02c7) when combined with U (U+0055) returns Ǔ (U+01d3), but Ǔ (U+01d3) is not on the default system code page (1252) of the German (Germany) language you specified. This may cause compatibility problems in non-Unicode applications.
    WARNING: The dead key ˇ (U+02c7) when combined with u (U+0075) returns ǔ (U+01d4), but ǔ (U+01d4) is not on the default system code page (1252) of the German (Germany) language you specified. This may cause compatibility problems in non-Unicode applications.
    WARNING: The dead key ˇ (U+02c7) when combined with G (U+0047) returns Ǧ (U+01e6), but Ǧ (U+01e6) is not on the default system code page (1252) of the German (Germany) language you specified. This may cause compatibility problems in non-Unicode applications.
    WARNING: The dead key ˇ (U+02c7) when combined with g (U+0067) returns ǧ (U+01e7), but ǧ (U+01e7) is not on the default system code page (1252) of the German (Germany) language you specified. This may cause compatibility problems in non-Unicode applications.
    WARNING: The dead key ˇ (U+02c7) when combined with K (U+004b) returns Ǩ (U+01e8), but Ǩ (U+01e8) is not on the default system code page (1252) of the German (Germany) language you specified. This may cause compatibility problems in non-Unicode applications.
    WARNING: The dead key ˇ (U+02c7) when combined with k (U+006b) returns ǩ (U+01e9), but ǩ (U+01e9) is not on the default system code page (1252) of the German (Germany) language you specified. This may cause compatibility problems in non-Unicode applications.
    WARNING: The dead key ˇ (U+02c7) when combined with J (U+004a) returns ǰ (U+01f0), but ǰ (U+01f0) is not on the default system code page (1252) of the German (Germany) language you specified. This may cause compatibility problems in non-Unicode applications.
    WARNING: The dead key ˇ (U+02c7) when combined with H (U+0048) returns Ȟ (U+021e), but Ȟ (U+021e) is not on the default system code page (1252) of the German (Germany) language you specified. This may cause compatibility problems in non-Unicode applications.
    WARNING: The dead key ˇ (U+02c7) when combined with h (U+0068) returns ȟ (U+021f), but ȟ (U+021f) is not on the default system code page (1252) of the German (Germany) language you specified. This may cause compatibility problems in non-Unicode applications.
    WARNING: The dead key ˇ (U+02c7) when combined with ˇ (U+02c7) returns ˇ (U+02c7), but ˇ (U+02c7) is not on the default system code page (1252) of the German (Germany) language you specified. This may cause compatibility problems in non-Unicode applications.
    WARNING: The dead key ˇ (U+02c7) when combined with   (U+0020) returns ˇ (U+02c7), but ˇ (U+02c7) is not on the default system code page (1252) of the German (Germany) language you specified. This may cause compatibility problems in non-Unicode applications.
    WARNING: The dead key ˛ (U+02db) when combined with A (U+0041) returns Ą (U+0104), but Ą (U+0104) is not on the default system code page (1252) of the German (Germany) language you specified. This may cause compatibility problems in non-Unicode applications.
    WARNING: The dead key ˛ (U+02db) when combined with a (U+0061) returns ą (U+0105), but ą (U+0105) is not on the default system code page (1252) of the German (Germany) language you specified. This may cause compatibility problems in non-Unicode applications.
    WARNING: The dead key ˛ (U+02db) when combined with E (U+0045) returns Ę (U+0118), but Ę (U+0118) is not on the default system code page (1252) of the German (Germany) language you specified. This may cause compatibility problems in non-Unicode applications.
    WARNING: The dead key ˛ (U+02db) when combined with e (U+0065) returns ę (U+0119), but ę (U+0119) is not on the default system code page (1252) of the German (Germany) language you specified. This may cause compatibility problems in non-Unicode applications.
    WARNING: The dead key ˛ (U+02db) when combined with I (U+0049) returns Į (U+012e), but Į (U+012e) is not on the default system code page (1252) of the German (Germany) language you specified. This may cause compatibility problems in non-Unicode applications.
    WARNING: The dead key ˛ (U+02db) when combined with i (U+0069) returns į (U+012f), but į (U+012f) is not on the default system code page (1252) of the German (Germany) language you specified. This may cause compatibility problems in non-Unicode applications.
    WARNING: The dead key ˛ (U+02db) when combined with U (U+0055) returns Ų (U+0172), but Ų (U+0172) is not on the default system code page (1252) of the German (Germany) language you specified. This may cause compatibility problems in non-Unicode applications.
    WARNING: The dead key ˛ (U+02db) when combined with u (U+0075) returns ų (U+0173), but ų (U+0173) is not on the default system code page (1252) of the German (Germany) language you specified. This may cause compatibility problems in non-Unicode applications.
    WARNING: The dead key ˛ (U+02db) when combined with O (U+004f) returns Ǫ (U+01ea), but Ǫ (U+01ea) is not on the default system code page (1252) of the German (Germany) language you specified. This may cause compatibility problems in non-Unicode applications.
    WARNING: The dead key ˛ (U+02db) when combined with o (U+006f) returns ǫ (U+01eb), but ǫ (U+01eb) is not on the default system code page (1252) of the German (Germany) language you specified. This may cause compatibility problems in non-Unicode applications.
    WARNING: The dead key ˛ (U+02db) when combined with G (U+0047) returns Ģ (U+0122), but Ģ (U+0122) is not on the default system code page (1252) of the German (Germany) language you specified. This may cause compatibility problems in non-Unicode applications.
    WARNING: The dead key ˛ (U+02db) when combined with g (U+0067) returns ģ (U+0123), but ģ (U+0123) is not on the default system code page (1252) of the German (Germany) language you specified. This may cause compatibility problems in non-Unicode applications.
    WARNING: The dead key ˛ (U+02db) when combined with K (U+004b) returns Ķ (U+0136), but Ķ (U+0136) is not on the default system code page (1252) of the German (Germany) language you specified. This may cause compatibility problems in non-Unicode applications.
    WARNING: The dead key ˛ (U+02db) when combined with k (U+006b) returns ķ (U+0137), but ķ (U+0137) is not on the default system code page (1252) of the German (Germany) language you specified. This may cause compatibility problems in non-Unicode applications.
    WARNING: The dead key ˛ (U+02db) when combined with L (U+004c) returns Ļ (U+013b), but Ļ (U+013b) is not on the default system code page (1252) of the German (Germany) language you specified. This may cause compatibility problems in non-Unicode applications.
    WARNING: The dead key ˛ (U+02db) when combined with l (U+006c) returns ļ (U+013c), but ļ (U+013c) is not on the default system code page (1252) of the German (Germany) language you specified. This may cause compatibility problems in non-Unicode applications.
    WARNING: The dead key ˛ (U+02db) when combined with N (U+004e) returns Ņ (U+0145), but Ņ (U+0145) is not on the default system code page (1252) of the German (Germany) language you specified. This may cause compatibility problems in non-Unicode applications.
    WARNING: The dead key ˛ (U+02db) when combined with n (U+006e) returns ņ (U+0146), but ņ (U+0146) is not on the default system code page (1252) of the German (Germany) language you specified. This may cause compatibility problems in non-Unicode applications.
    WARNING: The dead key ˛ (U+02db) when combined with R (U+0052) returns Ŗ (U+0156), but Ŗ (U+0156) is not on the default system code page (1252) of the German (Germany) language you specified. This may cause compatibility problems in non-Unicode applications.
    WARNING: The dead key ˛ (U+02db) when combined with r (U+0072) returns ŗ (U+0157), but ŗ (U+0157) is not on the default system code page (1252) of the German (Germany) language you specified. This may cause compatibility problems in non-Unicode applications.
    WARNING: The dead key ˛ (U+02db) when combined with S (U+0053) returns Ş (U+015e), but Ş (U+015e) is not on the default system code page (1252) of the German (Germany) language you specified. This may cause compatibility problems in non-Unicode applications.
    WARNING: The dead key ˛ (U+02db) when combined with s (U+0073) returns ş (U+015f), but ş (U+015f) is not on the default system code page (1252) of the German (Germany) language you specified. This may cause compatibility problems in non-Unicode applications.
    WARNING: The dead key ˛ (U+02db) when combined with T (U+0054) returns Ţ (U+0162), but Ţ (U+0162) is not on the default system code page (1252) of the German (Germany) language you specified. This may cause compatibility problems in non-Unicode applications.
    WARNING: The dead key ˛ (U+02db) when combined with t (U+0074) returns ţ (U+0163), but ţ (U+0163) is not on the default system code page (1252) of the German (Germany) language you specified. This may cause compatibility problems in non-Unicode applications.
    WARNING: The dead key ˛ (U+02db) when combined with D (U+0044) returns Ḑ (U+1e10), but Ḑ (U+1e10) is not on the default system code page (1252) of the German (Germany) language you specified. This may cause compatibility problems in non-Unicode applications.
    WARNING: The dead key ˛ (U+02db) when combined with d (U+0064) returns ḑ (U+1e11), but ḑ (U+1e11) is not on the default system code page (1252) of the German (Germany) language you specified. This may cause compatibility problems in non-Unicode applications.
    WARNING: The dead key ˛ (U+02db) when combined with H (U+0048) returns Ḩ (U+1e28), but Ḩ (U+1e28) is not on the default system code page (1252) of the German (Germany) language you specified. This may cause compatibility problems in non-Unicode applications.
    WARNING: The dead key ˛ (U+02db) when combined with h (U+0068) returns ḩ (U+1e29), but ḩ (U+1e29) is not on the default system code page (1252) of the German (Germany) language you specified. This may cause compatibility problems in non-Unicode applications.
    WARNING: The Base Character '̨' (U+0328) in the Dead Key table for '˛' (U+02db) does not exist on the keyboard.
    WARNING: The dead key ˛ (U+02db) when combined with   (U+0020) returns ̨ (U+0328), but ̨ (U+0328) is not on the default system code page (1252) of the German (Germany) language you specified. This may cause compatibility problems in non-Unicode applications.
    WARNING: The dead key ˝ (U+02dd) when combined with O (U+004f) returns Ő (U+0150), but Ő (U+0150) is not on the default system code page (1252) of the German (Germany) language you specified. This may cause compatibility problems in non-Unicode applications.
    WARNING: The dead key ˝ (U+02dd) when combined with o (U+006f) returns ő (U+0151), but ő (U+0151) is not on the default system code page (1252) of the German (Germany) language you specified. This may cause compatibility problems in non-Unicode applications.
    WARNING: The dead key ˝ (U+02dd) when combined with U (U+0055) returns Ű (U+0170), but Ű (U+0170) is not on the default system code page (1252) of the German (Germany) language you specified. This may cause compatibility problems in non-Unicode applications.
    WARNING: The dead key ˝ (U+02dd) when combined with u (U+0075) returns ű (U+0171), but ű (U+0171) is not on the default system code page (1252) of the German (Germany) language you specified. This may cause compatibility problems in non-Unicode applications.
    WARNING: The dead key ˝ (U+02dd) when combined with Y (U+0059) returns Ӳ (U+04f2), but Ӳ (U+04f2) is not on the default system code page (1252) of the German (Germany) language you specified. This may cause compatibility problems in non-Unicode applications.
    WARNING: The dead key ˝ (U+02dd) when combined with y (U+0079) returns ӳ (U+04f3), but ӳ (U+04f3) is not on the default system code page (1252) of the German (Germany) language you specified. This may cause compatibility problems in non-Unicode applications.
    WARNING: The dead key ˝ (U+02dd) when combined with ˝ (U+02dd) returns ˝ (U+02dd), but ˝ (U+02dd) is not on the default system code page (1252) of the German (Germany) language you specified. This may cause compatibility problems in non-Unicode applications.
    WARNING: The dead key ˝ (U+02dd) when combined with   (U+0020) returns ˝ (U+02dd), but ˝ (U+02dd) is not on the default system code page (1252) of the German (Germany) language you specified. This may cause compatibility problems in non-Unicode applications.
    WARNING: The dead key ´ (U+00b4) when combined with C (U+0043) returns Ć (U+0106), but Ć (U+0106) is not on the default system code page (1252) of the German (Germany) language you specified. This may cause compatibility problems in non-Unicode applications.
    WARNING: The dead key ´ (U+00b4) when combined with c (U+0063) returns ć (U+0107), but ć (U+0107) is not on the default system code page (1252) of the German (Germany) language you specified. This may cause compatibility problems in non-Unicode applications.
    WARNING: The dead key ´ (U+00b4) when combined with L (U+004c) returns Ĺ (U+0139), but Ĺ (U+0139) is not on the default system code page (1252) of the German (Germany) language you specified. This may cause compatibility problems in non-Unicode applications.
    WARNING: The dead key ´ (U+00b4) when combined with l (U+006c) returns ĺ (U+013a), but ĺ (U+013a) is not on the default system code page (1252) of the German (Germany) language you specified. This may cause compatibility problems in non-Unicode applications.
    WARNING: The dead key ´ (U+00b4) when combined with N (U+004e) returns Ń (U+0143), but Ń (U+0143) is not on the default system code page (1252) of the German (Germany) language you specified. This may cause compatibility problems in non-Unicode applications.
    WARNING: The dead key ´ (U+00b4) when combined with n (U+006e) returns ń (U+0144), but ń (U+0144) is not on the default system code page (1252) of the German (Germany) language you specified. This may cause compatibility problems in non-Unicode applications.
    WARNING: The dead key ´ (U+00b4) when combined with R (U+0052) returns Ŕ (U+0154), but Ŕ (U+0154) is not on the default system code page (1252) of the German (Germany) language you specified. This may cause compatibility problems in non-Unicode applications.
    WARNING: The dead key ´ (U+00b4) when combined with r (U+0072) returns ŕ (U+0155), but ŕ (U+0155) is not on the default system code page (1252) of the German (Germany) language you specified. This may cause compatibility problems in non-Unicode applications.
    WARNING: The dead key ´ (U+00b4) when combined with S (U+0053) returns Ś (U+015a), but Ś (U+015a) is not on the default system code page (1252) of the German (Germany) language you specified. This may cause compatibility problems in non-Unicode applications.
    WARNING: The dead key ´ (U+00b4) when combined with s (U+0073) returns ś (U+015b), but ś (U+015b) is not on the default system code page (1252) of the German (Germany) language you specified. This may cause compatibility problems in non-Unicode applications.
    WARNING: The dead key ´ (U+00b4) when combined with Z (U+005a) returns Ź (U+0179), but Ź (U+0179) is not on the default system code page (1252) of the German (Germany) language you specified. This may cause compatibility problems in non-Unicode applications.
    WARNING: The dead key ´ (U+00b4) when combined with z (U+007a) returns ź (U+017a), but ź (U+017a) is not on the default system code page (1252) of the German (Germany) language you specified. This may cause compatibility problems in non-Unicode applications.
    WARNING: The dead key ´ (U+00b4) when combined with G (U+0047) returns Ǵ (U+01f4), but Ǵ (U+01f4) is not on the default system code page (1252) of the German (Germany) language you specified. This may cause compatibility problems in non-Unicode applications.
    WARNING: The dead key ´ (U+00b4) when combined with g (U+0067) returns ǵ (U+01f5), but ǵ (U+01f5) is not on the default system code page (1252) of the German (Germany) language you specified. This may cause compatibility problems in non-Unicode applications.
    WARNING: The dead key ´ (U+00b4) when combined with K (U+004b) returns Ḱ (U+1e30), but Ḱ (U+1e30) is not on the default system code page (1252) of the German (Germany) language you specified. This may cause compatibility problems in non-Unicode applications.
    WARNING: The dead key ´ (U+00b4) when combined with k (U+006b) returns ḱ (U+1e31), but ḱ (U+1e31) is not on the default system code page (1252) of the German (Germany) language you specified. This may cause compatibility problems in non-Unicode applications.
    WARNING: The dead key ´ (U+00b4) when combined with M (U+004d) returns Ḿ (U+1e3e), but Ḿ (U+1e3e) is not on the default system code page (1252) of the German (Germany) language you specified. This may cause compatibility problems in non-Unicode applications.
    WARNING: The dead key ´ (U+00b4) when combined with m (U+006d) returns ḿ (U+1e3f), but ḿ (U+1e3f) is not on the default system code page (1252) of the German (Germany) language you specified. This may cause compatibility problems in non-Unicode applications.
    WARNING: The dead key ´ (U+00b4) when combined with P (U+0050) returns Ṕ (U+1e54), but Ṕ (U+1e54) is not on the default system code page (1252) of the German (Germany) language you specified. This may cause compatibility problems in non-Unicode applications.
    WARNING: The dead key ´ (U+00b4) when combined with p (U+0070) returns ṕ (U+1e55), but ṕ (U+1e55) is not on the default system code page (1252) of the German (Germany) language you specified. This may cause compatibility problems in non-Unicode applications.
    WARNING: The dead key ´ (U+00b4) when combined with W (U+0057) returns Ẃ (U+1e82), but Ẃ (U+1e82) is not on the default system code page (1252) of the German (Germany) language you specified. This may cause compatibility problems in non-Unicode applications.
    WARNING: The dead key ´ (U+00b4) when combined with w (U+0077) returns ẃ (U+1e83), but ẃ (U+1e83) is not on the default system code page (1252) of the German (Germany) language you specified. This may cause compatibility problems in non-Unicode applications.
    WARNING: The dead key ^ (U+005e) when combined with c (U+0063) returns ĉ (U+0109), but ĉ (U+0109) is not on the default system code page (1252) of the German (Germany) language you specified. This may cause compatibility problems in non-Unicode applications.
    WARNING: The dead key ^ (U+005e) when combined with C (U+0043) returns Ĉ (U+0108), but Ĉ (U+0108) is not on the default system code page (1252) of the German (Germany) language you specified. This may cause compatibility problems in non-Unicode applications.
    WARNING: The dead key ^ (U+005e) when combined with g (U+0067) returns ĝ (U+011d), but ĝ (U+011d) is not on the default system code page (1252) of the German (Germany) language you specified. This may cause compatibility problems in non-Unicode applications.
    WARNING: The dead key ^ (U+005e) when combined with G (U+0047) returns Ĝ (U+011c), but Ĝ (U+011c) is not on the default system code page (1252) of the German (Germany) language you specified. This may cause compatibility problems in non-Unicode applications.
    WARNING: The dead key ^ (U+005e) when combined with h (U+0068) returns ĥ (U+0125), but ĥ (U+0125) is not on the default system code page (1252) of the German (Germany) language you specified. This may cause compatibility problems in non-Unicode applications.
    WARNING: The dead key ^ (U+005e) when combined with H (U+0048) returns Ĥ (U+0124), but Ĥ (U+0124) is not on the default system code page (1252) of the German (Germany) language you specified. This may cause compatibility problems in non-Unicode applications.
    WARNING: The dead key ^ (U+005e) when combined with j (U+006a) returns ĵ (U+0135), but ĵ (U+0135) is not on the default system code page (1252) of the German (Germany) language you specified. This may cause compatibility problems in non-Unicode applications.
    WARNING: The dead key ^ (U+005e) when combined with J (U+004a) returns Ĵ (U+0134), but Ĵ (U+0134) is not on the default system code page (1252) of the German (Germany) language you specified. This may cause compatibility problems in non-Unicode applications.
    WARNING: The dead key ^ (U+005e) when combined with s (U+0073) returns ŝ (U+015d), but ŝ (U+015d) is not on the default system code page (1252) of the German (Germany) language you specified. This may cause compatibility problems in non-Unicode applications.
    WARNING: The dead key ^ (U+005e) when combined with S (U+0053) returns Ŝ (U+015c), but Ŝ (U+015c) is not on the default system code page (1252) of the German (Germany) language you specified. This may cause compatibility problems in non-Unicode applications.
    WARNING: The dead key ^ (U+005e) when combined with w (U+0077) returns ŵ (U+0175), but ŵ (U+0175) is not on the default system code page (1252) of the German (Germany) language you specified. This may cause compatibility problems in non-Unicode applications.
    WARNING: The dead key ^ (U+005e) when combined with W (U+0057) returns Ŵ (U+0174), but Ŵ (U+0174) is not on the default system code page (1252) of the German (Germany) language you specified. This may cause compatibility problems in non-Unicode applications.
    WARNING: The dead key ^ (U+005e) when combined with y (U+0079) returns ŷ (U+0177), but ŷ (U+0177) is not on the default system code page (1252) of the German (Germany) language you specified. This may cause compatibility problems in non-Unicode applications.
    WARNING: The dead key ^ (U+005e) when combined with Y (U+0059) returns Ŷ (U+0176), but Ŷ (U+0176) is not on the default system code page (1252) of the German (Germany) language you specified. This may cause compatibility problems in non-Unicode applications.
    WARNING: The dead key ^ (U+005e) when combined with z (U+007a) returns ẑ (U+1e91), but ẑ (U+1e91) is not on the default system code page (1252) of the German (Germany) language you specified. This may cause compatibility problems in non-Unicode applications.
    WARNING: The dead key ^ (U+005e) when combined with Z (U+005a) returns Ẑ (U+1e90), but Ẑ (U+1e90) is not on the default system code page (1252) of the German (Germany) language you specified. This may cause compatibility problems in non-Unicode applications.
    WARNING: The dead key ° (U+00b0) when combined with u (U+0075) returns ů (U+016f), but ů (U+016f) is not on the default system code page (1252) of the German (Germany) language you specified. This may cause compatibility problems in non-Unicode applications.
    WARNING: The dead key ° (U+00b0) when combined with U (U+0055) returns Ů (U+016e), but Ů (U+016e) is not on the default system code page (1252) of the German (Germany) language you specified. This may cause compatibility problems in non-Unicode applications.
    WARNING: The dead key ° (U+00b0) when combined with w (U+0077) returns ẘ (U+1e98), but ẘ (U+1e98) is not on the default system code page (1252) of the German (Germany) language you specified. This may cause compatibility problems in non-Unicode applications.
    WARNING: The dead key ° (U+00b0) when combined with y (U+0079) returns ẙ (U+1e99), but ẙ (U+1e99) is not on the default system code page (1252) of the German (Germany) language you specified. This may cause compatibility problems in non-Unicode applications.
    WARNING: The dead key ` (U+0060) when combined with N (U+004e) returns Ǹ (U+01f8), but Ǹ (U+01f8) is not on the default system code page (1252) of the German (Germany) language you specified. This may cause compatibility problems in non-Unicode applications.
    WARNING: The dead key ` (U+0060) when combined with n (U+006e) returns ǹ (U+01f9), but ǹ (U+01f9) is not on the default system code page (1252) of the German (Germany) language you specified. This may cause compatibility problems in non-Unicode applications.
    WARNING: The dead key ` (U+0060) when combined with W (U+0057) returns Ẁ (U+1e80), but Ẁ (U+1e80) is not on the default system code page (1252) of the German (Germany) language you specified. This may cause compatibility problems in non-Unicode applications.
    WARNING: The dead key ` (U+0060) when combined with w (U+0077) returns ẁ (U+1e81), but ẁ (U+1e81) is not on the default system code page (1252) of the German (Germany) language you specified. This may cause compatibility problems in non-Unicode applications.
    WARNING: The dead key ` (U+0060) when combined with Y (U+0059) returns Ỳ (U+1ef2), but Ỳ (U+1ef2) is not on the default system code page (1252) of the German (Germany) language you specified. This may cause compatibility problems in non-Unicode applications.
    WARNING: The dead key ` (U+0060) when combined with y (U+0079) returns ỳ (U+1ef3), but ỳ (U+1ef3) is not on the default system code page (1252) of the German (Germany) language you specified. This may cause compatibility problems in non-Unicode applications.
    WARNING: The dead key ~ (U+007e) when combined with O (U+004f) returns Ȭ (U+022c), but Ȭ (U+022c) is not on the default system code page (1252) of the German (Germany) language you specified. This may cause compatibility problems in non-Unicode applications.
    WARNING: The dead key ~ (U+007e) when combined with i (U+0069) returns ĩ (U+0129), but ĩ (U+0129) is not on the default system code page (1252) of the German (Germany) language you specified. This may cause compatibility problems in non-Unicode applications.
    WARNING: The dead key ~ (U+007e) when combined with I (U+0049) returns Ĩ (U+0128), but Ĩ (U+0128) is not on the default system code page (1252) of the German (Germany) language you specified. This may cause compatibility problems in non-Unicode applications.
    WARNING: The dead key ~ (U+007e) when combined with u (U+0075) returns ũ (U+0169), but ũ (U+0169) is not on the default system code page (1252) of the German (Germany) language you specified. This may cause compatibility problems in non-Unicode applications.
    WARNING: The dead key ~ (U+007e) when combined with U (U+0055) returns Ũ (U+0168), but Ũ (U+0168) is not on the default system code page (1252) of the German (Germany) language you specified. This may cause compatibility problems in non-Unicode applications.
    WARNING: The dead key ~ (U+007e) when combined with v (U+0076) returns ṽ (U+1e7d), but ṽ (U+1e7d) is not on the default system code page (1252) of the German (Germany) language you specified. This may cause compatibility problems in non-Unicode applications.
    WARNING: The dead key ~ (U+007e) when combined with V (U+0056) returns Ṽ (U+1e7c), but Ṽ (U+1e7c) is not on the default system code page (1252) of the German (Germany) language you specified. This may cause compatibility problems in non-Unicode applications.
    WARNING: The dead key ~ (U+007e) when combined with e (U+0065) returns ẽ (U+1ebd), but ẽ (U+1ebd) is not on the default system code page (1252) of the German (Germany) language you specified. This may cause compatibility problems in non-Unicode applications.
    WARNING: The dead key ~ (U+007e) when combined with E (U+0045) returns Ẽ (U+1ebc), but Ẽ (U+1ebc) is not on the default system code page (1252) of the German (Germany) language you specified. This may cause compatibility problems in non-Unicode applications.
    WARNING: The dead key ~ (U+007e) when combined with y (U+0079) returns ỹ (U+1ef9), but ỹ (U+1ef9) is not on the default system code page (1252) of the German (Germany) language you specified. This may cause compatibility problems in non-Unicode applications.
    WARNING: The dead key ~ (U+007e) when combined with Y (U+0059) returns Ỹ (U+1ef8), but Ỹ (U+1ef8) is not on the default system code page (1252) of the German (Germany) language you specified. This may cause compatibility problems in non-Unicode applications.
    WARNING: The dead key ` (U+0060) when combined with N (U+004e) returns Ǹ (U+01f8), but Ǹ (U+01f8) is not on the default system code page (1252) of the German (Germany) language you specified. This may cause compatibility problems in non-Unicode applications.
    WARNING: The dead key ` (U+0060) when combined with n (U+006e) returns ǹ (U+01f9), but ǹ (U+01f9) is not on the default system code page (1252) of the German (Germany) language you specified. This may cause compatibility problems in non-Unicode applications.
    WARNING: The dead key ` (U+0060) when combined with W (U+0057) returns Ẁ (U+1e80), but Ẁ (U+1e80) is not on the default system code page (1252) of the German (Germany) language you specified. This may cause compatibility problems in non-Unicode applications.
    WARNING: The dead key ` (U+0060) when combined with w (U+0077) returns ẁ (U+1e81), but ẁ (U+1e81) is not on the default system code page (1252) of the German (Germany) language you specified. This may cause compatibility problems in non-Unicode applications.
    WARNING: The dead key ` (U+0060) when combined with Y (U+0059) returns Ỳ (U+1ef2), but Ỳ (U+1ef2) is not on the default system code page (1252) of the German (Germany) language you specified. This may cause compatibility problems in non-Unicode applications.
    WARNING: The dead key ` (U+0060) when combined with y (U+0079) returns ỳ (U+1ef3), but ỳ (U+1ef3) is not on the default system code page (1252) of the German (Germany) language you specified. This may cause compatibility problems in non-Unicode applications.
